<?xml version="1.0" encoding="UTF-8"?>
<!-- Generated by org.testng.reporters.JUnitXMLReporter -->
<testsuite ignored="0" hostname="LAPTOP-KB6UDKRL" failures="0" tests="4" name="Test" time="0.035" errors="0" timestamp="18 Oct 2021 13:24:43 GMT">
  <testcase classname="com.actitime.ContactTestScripts.ContactModule" name="createContact" time="0.009"/>
  <testcase classname="com.actitime.ContactTestScripts.ContactModule" name="modifyContact" time="0.001"/>
  <testcase classname="com.actitime.OrgTestScripts.CreateOrg" name="createOrg" time="0.001"/>
  <testcase classname="com.actitime.OrgTestScripts.CreateOrg" name="modifyOrg" time="0.001"/>
</testsuite> <!-- Test -->
